04/18/2019 03:04:15 - INFO - __main__ -   device: cuda n_gpu: 1, distributed training: False, 16-bits training: False
04/18/2019 03:04:18 - INFO - pytorch_pretrained_bert.tokenization -   loading vocabulary file https://s3.amazonaws.com/models.huggingface.co/bert/bert-base-uncased-vocab.txt from cache at /home/wen062/.pytorch_pretrained_bert/26bc1ad6c0ac742e9b52263248f6d0f00068293b33709fae12320c0e35ccfbbb.542ce4285a40d23a559526243235df47c5f75c197f04f37d1a0c124c32c9a084
04/18/2019 03:04:20 - INFO - pytorch_pretrained_bert.modeling -   loading archive file https://s3.amazonaws.com/models.huggingface.co/bert/bert-base-uncased.tar.gz from cache at /home/wen062/.pytorch_pretrained_bert/distributed_-1/9c41111e2de84547a463fd39217199738d1e3deb72d4fec4399e6e241983c6f0.ae3cef932725ca7a30cdcb93fc6e09150a55e2a130ec7af63975a16c153ae2ba
04/18/2019 03:04:20 - INFO - pytorch_pretrained_bert.modeling -   extracting archive file /home/wen062/.pytorch_pretrained_bert/distributed_-1/9c41111e2de84547a463fd39217199738d1e3deb72d4fec4399e6e241983c6f0.ae3cef932725ca7a30cdcb93fc6e09150a55e2a130ec7af63975a16c153ae2ba to temp dir /tmp/wen062.23306374/tmpenuxvx_i
04/18/2019 03:04:24 - INFO - pytorch_pretrained_bert.modeling -   Model config {
  "attention_probs_dropout_prob": 0.1,
  "hidden_act": "gelu",
  "hidden_dropout_prob": 0.1,
  "hidden_size": 768,
  "initializer_range": 0.02,
  "intermediate_size": 3072,
  "max_position_embeddings": 512,
  "num_attention_heads": 12,
  "num_hidden_layers": 12,
  "type_vocab_size": 2,
  "vocab_size": 30522
}

04/18/2019 03:04:27 - INFO - pytorch_pretrained_bert.modeling -   Weights of BertForTokenClassification not initialized from pretrained model: ['classifier.weight', 'classifier.bias']
04/18/2019 03:04:27 - INFO - pytorch_pretrained_bert.modeling -   Weights from pretrained model not used in BertForTokenClassification: ['cls.predictions.bias', 'cls.predictions.transform.dense.weight', 'cls.predictions.transform.dense.bias', 'cls.predictions.decoder.weight', 'cls.seq_relationship.weight', 'cls.seq_relationship.bias', 'cls.predictions.transform.LayerNorm.weight', 'cls.predictions.transform.LayerNorm.bias']
Traceback (most recent call last):
  File "./run_classifier_NER.py", line 873, in <module>
    main()
  File "./run_classifier_NER.py", line 654, in main
    train_examples, label_list, args.max_seq_length, tokenizer, output_mode)[0]
TypeError: convert_examples_to_features() takes 4 positional arguments but 5 were given
