04/22/2019 09:33:47 - INFO - __main__ -   device: cuda n_gpu: 1, distributed training: False, 16-bits training: False
04/22/2019 09:33:50 - INFO - pytorch_pretrained_bert.tokenization -   loading vocabulary file https://s3.amazonaws.com/models.huggingface.co/bert/bert-base-uncased-vocab.txt from cache at /home/wen062/.pytorch_pretrained_bert/26bc1ad6c0ac742e9b52263248f6d0f00068293b33709fae12320c0e35ccfbbb.542ce4285a40d23a559526243235df47c5f75c197f04f37d1a0c124c32c9a084
04/22/2019 09:33:52 - INFO - pytorch_pretrained_bert.modeling -   loading archive file https://s3.amazonaws.com/models.huggingface.co/bert/bert-base-uncased.tar.gz from cache at /home/wen062/.pytorch_pretrained_bert/distributed_-1/9c41111e2de84547a463fd39217199738d1e3deb72d4fec4399e6e241983c6f0.ae3cef932725ca7a30cdcb93fc6e09150a55e2a130ec7af63975a16c153ae2ba
04/22/2019 09:33:52 - INFO - pytorch_pretrained_bert.modeling -   extracting archive file /home/wen062/.pytorch_pretrained_bert/distributed_-1/9c41111e2de84547a463fd39217199738d1e3deb72d4fec4399e6e241983c6f0.ae3cef932725ca7a30cdcb93fc6e09150a55e2a130ec7af63975a16c153ae2ba to temp dir /tmp/wen062.23687865/tmpaf9flpka
04/22/2019 09:33:55 - INFO - pytorch_pretrained_bert.modeling -   Model config {
  "attention_probs_dropout_prob": 0.1,
  "hidden_act": "gelu",
  "hidden_dropout_prob": 0.1,
  "hidden_size": 768,
  "initializer_range": 0.02,
  "intermediate_size": 3072,
  "max_position_embeddings": 512,
  "num_attention_heads": 12,
  "num_hidden_layers": 12,
  "type_vocab_size": 2,
  "vocab_size": 30522
}

04/22/2019 09:33:58 - INFO - pytorch_pretrained_bert.modeling -   Weights of BertForTokenClassification not initialized from pretrained model: ['classifier.weight', 'classifier.bias']
04/22/2019 09:33:58 - INFO - pytorch_pretrained_bert.modeling -   Weights from pretrained model not used in BertForTokenClassification: ['cls.predictions.bias', 'cls.predictions.transform.dense.weight', 'cls.predictions.transform.dense.bias', 'cls.predictions.decoder.weight', 'cls.seq_relationship.weight', 'cls.seq_relationship.bias', 'cls.predictions.transform.LayerNorm.weight', 'cls.predictions.transform.LayerNorm.bias']
04/22/2019 09:34:27 - INFO - __main__ -   ***** Running training *****
04/22/2019 09:34:27 - INFO - __main__ -     Num examples = 23925
04/22/2019 09:34:27 - INFO - __main__ -     Batch size = 32
04/22/2019 09:34:27 - INFO - __main__ -     Num steps = 37350
04/22/2019 16:12:36 - WARNING - pytorch_pretrained_bert.optimization -   Training beyond specified 't_total' steps with schedule 'warmup_linear'. Learning rate set to 0.0. Please set 't_total' of BertAdam correctly.
04/22/2019 16:12:37 - WARNING - pytorch_pretrained_bert.optimization -   Training beyond specified 't_total' steps with schedule 'warmup_linear'. Learning rate set to 0.0. Please set 't_total' of BertAdam correctly.
04/22/2019 16:12:38 - WARNING - pytorch_pretrained_bert.optimization -   Training beyond specified 't_total' steps with schedule 'warmup_linear'. Learning rate set to 0.0. Please set 't_total' of BertAdam correctly.
04/22/2019 16:12:38 - WARNING - pytorch_pretrained_bert.optimization -   Training beyond specified 't_total' steps with schedule 'warmup_linear'. Learning rate set to 0.0. Please set 't_total' of BertAdam correctly.
04/22/2019 16:12:39 - WARNING - pytorch_pretrained_bert.optimization -   Training beyond specified 't_total' steps with schedule 'warmup_linear'. Learning rate set to 0.0. Please set 't_total' of BertAdam correctly.
04/22/2019 16:12:40 - WARNING - pytorch_pretrained_bert.optimization -   Training beyond specified 't_total' steps with schedule 'warmup_linear'. Learning rate set to 0.0. Please set 't_total' of BertAdam correctly.
04/22/2019 16:12:40 - WARNING - pytorch_pretrained_bert.optimization -   Training beyond specified 't_total' steps with schedule 'warmup_linear'. Learning rate set to 0.0. Please set 't_total' of BertAdam correctly.
04/22/2019 16:12:41 - WARNING - pytorch_pretrained_bert.optimization -   Training beyond specified 't_total' steps with schedule 'warmup_linear'. Learning rate set to 0.0. Please set 't_total' of BertAdam correctly.
04/22/2019 16:12:41 - WARNING - pytorch_pretrained_bert.optimization -   Training beyond specified 't_total' steps with schedule 'warmup_linear'. Learning rate set to 0.0. Please set 't_total' of BertAdam correctly.
04/22/2019 16:12:42 - WARNING - pytorch_pretrained_bert.optimization -   Training beyond specified 't_total' steps with schedule 'warmup_linear'. Learning rate set to 0.0. Please set 't_total' of BertAdam correctly.
04/22/2019 16:12:43 - WARNING - pytorch_pretrained_bert.optimization -   Training beyond specified 't_total' steps with schedule 'warmup_linear'. Learning rate set to 0.0. Please set 't_total' of BertAdam correctly.
04/22/2019 16:12:43 - WARNING - pytorch_pretrained_bert.optimization -   Training beyond specified 't_total' steps with schedule 'warmup_linear'. Learning rate set to 0.0. Please set 't_total' of BertAdam correctly.
04/22/2019 16:12:44 - WARNING - pytorch_pretrained_bert.optimization -   Training beyond specified 't_total' steps with schedule 'warmup_linear'. Learning rate set to 0.0. Please set 't_total' of BertAdam correctly.
04/22/2019 16:12:45 - WARNING - pytorch_pretrained_bert.optimization -   Training beyond specified 't_total' steps with schedule 'warmup_linear'. Learning rate set to 0.0. Please set 't_total' of BertAdam correctly.
04/22/2019 16:12:45 - WARNING - pytorch_pretrained_bert.optimization -   Training beyond specified 't_total' steps with schedule 'warmup_linear'. Learning rate set to 0.0. Please set 't_total' of BertAdam correctly.
04/22/2019 16:12:46 - WARNING - pytorch_pretrained_bert.optimization -   Training beyond specified 't_total' steps with schedule 'warmup_linear'. Learning rate set to 0.0. Please set 't_total' of BertAdam correctly.
04/22/2019 16:12:47 - WARNING - pytorch_pretrained_bert.optimization -   Training beyond specified 't_total' steps with schedule 'warmup_linear'. Learning rate set to 0.0. Please set 't_total' of BertAdam correctly.
04/22/2019 16:12:47 - WARNING - pytorch_pretrained_bert.optimization -   Training beyond specified 't_total' steps with schedule 'warmup_linear'. Learning rate set to 0.0. Please set 't_total' of BertAdam correctly.
04/22/2019 16:12:48 - WARNING - pytorch_pretrained_bert.optimization -   Training beyond specified 't_total' steps with schedule 'warmup_linear'. Learning rate set to 0.0. Please set 't_total' of BertAdam correctly.
04/22/2019 16:12:49 - WARNING - pytorch_pretrained_bert.optimization -   Training beyond specified 't_total' steps with schedule 'warmup_linear'. Learning rate set to 0.0. Please set 't_total' of BertAdam correctly.
04/22/2019 16:12:49 - WARNING - pytorch_pretrained_bert.optimization -   Training beyond specified 't_total' steps with schedule 'warmup_linear'. Learning rate set to 0.0. Please set 't_total' of BertAdam correctly.
04/22/2019 16:12:50 - WARNING - pytorch_pretrained_bert.optimization -   Training beyond specified 't_total' steps with schedule 'warmup_linear'. Learning rate set to 0.0. Please set 't_total' of BertAdam correctly.
04/22/2019 16:12:51 - WARNING - pytorch_pretrained_bert.optimization -   Training beyond specified 't_total' steps with schedule 'warmup_linear'. Learning rate set to 0.0. Please set 't_total' of BertAdam correctly.
04/22/2019 16:12:51 - WARNING - pytorch_pretrained_bert.optimization -   Training beyond specified 't_total' steps with schedule 'warmup_linear'. Learning rate set to 0.0. Please set 't_total' of BertAdam correctly.
04/22/2019 16:12:52 - WARNING - pytorch_pretrained_bert.optimization -   Training beyond specified 't_total' steps with schedule 'warmup_linear'. Learning rate set to 0.0. Please set 't_total' of BertAdam correctly.
04/22/2019 16:12:53 - WARNING - pytorch_pretrained_bert.optimization -   Training beyond specified 't_total' steps with schedule 'warmup_linear'. Learning rate set to 0.0. Please set 't_total' of BertAdam correctly.
04/22/2019 16:12:53 - WARNING - pytorch_pretrained_bert.optimization -   Training beyond specified 't_total' steps with schedule 'warmup_linear'. Learning rate set to 0.0. Please set 't_total' of BertAdam correctly.
04/22/2019 16:12:54 - WARNING - pytorch_pretrained_bert.optimization -   Training beyond specified 't_total' steps with schedule 'warmup_linear'. Learning rate set to 0.0. Please set 't_total' of BertAdam correctly.
04/22/2019 16:12:54 - WARNING - pytorch_pretrained_bert.optimization -   Training beyond specified 't_total' steps with schedule 'warmup_linear'. Learning rate set to 0.0. Please set 't_total' of BertAdam correctly.
04/22/2019 16:12:55 - WARNING - pytorch_pretrained_bert.optimization -   Training beyond specified 't_total' steps with schedule 'warmup_linear'. Learning rate set to 0.0. Please set 't_total' of BertAdam correctly.
04/22/2019 16:12:56 - WARNING - pytorch_pretrained_bert.optimization -   Training beyond specified 't_total' steps with schedule 'warmup_linear'. Learning rate set to 0.0. Please set 't_total' of BertAdam correctly.
04/22/2019 16:12:56 - WARNING - pytorch_pretrained_bert.optimization -   Training beyond specified 't_total' steps with schedule 'warmup_linear'. Learning rate set to 0.0. Please set 't_total' of BertAdam correctly.
04/22/2019 16:12:57 - WARNING - pytorch_pretrained_bert.optimization -   Training beyond specified 't_total' steps with schedule 'warmup_linear'. Learning rate set to 0.0. Please set 't_total' of BertAdam correctly.
04/22/2019 16:12:58 - WARNING - pytorch_pretrained_bert.optimization -   Training beyond specified 't_total' steps with schedule 'warmup_linear'. Learning rate set to 0.0. Please set 't_total' of BertAdam correctly.
04/22/2019 16:12:58 - WARNING - pytorch_pretrained_bert.optimization -   Training beyond specified 't_total' steps with schedule 'warmup_linear'. Learning rate set to 0.0. Please set 't_total' of BertAdam correctly.
04/22/2019 16:12:59 - WARNING - pytorch_pretrained_bert.optimization -   Training beyond specified 't_total' steps with schedule 'warmup_linear'. Learning rate set to 0.0. Please set 't_total' of BertAdam correctly.
04/22/2019 16:13:00 - WARNING - pytorch_pretrained_bert.optimization -   Training beyond specified 't_total' steps with schedule 'warmup_linear'. Learning rate set to 0.0. Please set 't_total' of BertAdam correctly.
04/22/2019 16:13:00 - WARNING - pytorch_pretrained_bert.optimization -   Training beyond specified 't_total' steps with schedule 'warmup_linear'. Learning rate set to 0.0. Please set 't_total' of BertAdam correctly.
04/22/2019 16:13:01 - WARNING - pytorch_pretrained_bert.optimization -   Training beyond specified 't_total' steps with schedule 'warmup_linear'. Learning rate set to 0.0. Please set 't_total' of BertAdam correctly.
04/22/2019 16:13:02 - WARNING - pytorch_pretrained_bert.optimization -   Training beyond specified 't_total' steps with schedule 'warmup_linear'. Learning rate set to 0.0. Please set 't_total' of BertAdam correctly.
04/22/2019 16:13:02 - WARNING - pytorch_pretrained_bert.optimization -   Training beyond specified 't_total' steps with schedule 'warmup_linear'. Learning rate set to 0.0. Please set 't_total' of BertAdam correctly.
04/22/2019 16:13:03 - WARNING - pytorch_pretrained_bert.optimization -   Training beyond specified 't_total' steps with schedule 'warmup_linear'. Learning rate set to 0.0. Please set 't_total' of BertAdam correctly.
04/22/2019 16:13:04 - WARNING - pytorch_pretrained_bert.optimization -   Training beyond specified 't_total' steps with schedule 'warmup_linear'. Learning rate set to 0.0. Please set 't_total' of BertAdam correctly.
04/22/2019 16:13:04 - WARNING - pytorch_pretrained_bert.optimization -   Training beyond specified 't_total' steps with schedule 'warmup_linear'. Learning rate set to 0.0. Please set 't_total' of BertAdam correctly.
04/22/2019 16:13:05 - WARNING - pytorch_pretrained_bert.optimization -   Training beyond specified 't_total' steps with schedule 'warmup_linear'. Learning rate set to 0.0. Please set 't_total' of BertAdam correctly.
04/22/2019 16:13:05 - WARNING - pytorch_pretrained_bert.optimization -   Training beyond specified 't_total' steps with schedule 'warmup_linear'. Learning rate set to 0.0. Please set 't_total' of BertAdam correctly.
04/22/2019 16:13:06 - WARNING - pytorch_pretrained_bert.optimization -   Training beyond specified 't_total' steps with schedule 'warmup_linear'. Learning rate set to 0.0. Please set 't_total' of BertAdam correctly.
04/22/2019 16:13:07 - WARNING - pytorch_pretrained_bert.optimization -   Training beyond specified 't_total' steps with schedule 'warmup_linear'. Learning rate set to 0.0. Please set 't_total' of BertAdam correctly.
04/22/2019 16:13:07 - WARNING - pytorch_pretrained_bert.optimization -   Training beyond specified 't_total' steps with schedule 'warmup_linear'. Learning rate set to 0.0. Please set 't_total' of BertAdam correctly.
04/22/2019 16:13:13 - INFO - __main__ -   ***** Running evaluation *****
04/22/2019 16:13:13 - INFO - __main__ -     Num examples = 2031
04/22/2019 16:13:13 - INFO - __main__ -     Batch size = 8
/flush3/hli001/installs/pytorch/pytorch-1.0.0-git/aten/src/THCUNN/ClassNLLCriterion.cu:105: void cunn_ClassNLLCriterion_updateOutput_kernel(Dtype *, Dtype *, Dtype *, long *, Dtype *, int, int, int, int, long) [with Dtype = float, Acctype = float]: block: [0,0,0], thread: [22,0,0] Assertion `t >= 0 && t < n_classes` failed.
Traceback (most recent call last):
  File "../run_bbn.py", line 885, in <module>
    main()
  File "../run_bbn.py", line 788, in main
    eval_loss += tmp_eval_loss.mean().item()
RuntimeError: CUDA error: device-side assert triggered
